Traceback (most recent call last):
  File "/home/joao/anaconda3/lib/python3.12/site-packages/jupyter_cache/executors/utils.py", line 58, in single_nb_execution
    executenb(
  File "/home/joao/anaconda3/lib/python3.12/site-packages/nbclient/client.py", line 1305, in execute
    return NotebookClient(nb=nb, resources=resources, km=km, **kwargs).execute()
           ^^^^^^^^^^^^^^^^^^^^^^^^^^^^^^^^^^^^^^^^^^^^^^^^^^^^^^^^^^^^^^^^^^^^^
  File "/home/joao/anaconda3/lib/python3.12/site-packages/jupyter_core/utils/__init__.py", line 165, in wrapped
    return loop.run_until_complete(inner)
           ^^^^^^^^^^^^^^^^^^^^^^^^^^^^^^
  File "/home/joao/anaconda3/lib/python3.12/asyncio/base_events.py", line 685, in run_until_complete
    return future.result()
           ^^^^^^^^^^^^^^^
  File "/home/joao/anaconda3/lib/python3.12/site-packages/nbclient/client.py", line 705, in async_execute
    await self.async_execute_cell(
  File "/home/joao/anaconda3/lib/python3.12/site-packages/nbclient/client.py", line 1058, in async_execute_cell
    await self._check_raise_for_error(cell, cell_index, exec_reply)
  File "/home/joao/anaconda3/lib/python3.12/site-packages/nbclient/client.py", line 914, in _check_raise_for_error
    raise CellExecutionError.from_cell_and_msg(cell, exec_reply_content)
nbclient.exceptions.CellExecutionError: An error occurred while executing the following cell:
------------------
from array import array
from collections import deque
import time

# --- Global Data Structures ---

# books_inventory
# Stores book details (key: book_id, value: dict of details)
# Each book's details include title, author, genre, price, and stock.
books_inventory = 

# sales_transactions
# Stores transaction records. Each record is a tuple for immutability.
# Format: (book_id, quantity_sold, total_price_for_transaction, current_timestamp)
sales_transactions = 

# unique_genres
# Stores unique genres encountered across all books.
unique_genres =

# daily_sales_quantity 
# Stores daily total sales quantities (e.g., total items sold for the last 7 days).
daily_sales_quantity =

# Deque: Simulates a customer service queue (First-In, First-Out)
customer_service_queue = deque()

# --- Helper Functions ---

def display_menu():
    """Displays the main menu options to the user."""
    print("\n--- Bookstore Management System ---")
    print("1. Add New Book")
    print("2. View All Books (Inventory)")
    print("3. Record a Sale")
    print("4. Generate Sales Report")
    print("5. Update Daily Sales Quantity (Array Demo)")
    print("6. Manage Customer Queue (Queue Demo)")
    print("7. Exit")
    print("-----------------------------------")
------------------


[0;36m  Cell [0;32mIn[88], line 10[0;36m[0m
[0;31m    books_inventory =[0m
[0m                      ^[0m
[0;31mSyntaxError[0m[0;31m:[0m invalid syntax


